<?xml version="1.0" encoding="UTF-8"?>
<testng-results skipped="0" failed="0" ignored="0" total="1" passed="1">
  <reporter-output>
  </reporter-output>
  <suite name="Suite" duration-ms="70" started-at="2019-11-14T12:42:16 IST" finished-at="2019-11-14T12:42:16 IST">
    <groups>
    </groups>
    <test name="Test" duration-ms="70" started-at="2019-11-14T12:42:16 IST" finished-at="2019-11-14T12:42:16 IST">
      <class name="projectname.Demo">
        <test-method status="PASS" signature="test()[pri:0, instance:projectname.Demo@31610302]" name="test" duration-ms="0" started-at="2019-11-14T12:42:16 IST" finished-at="2019-11-14T12:42:16 IST">
          <reporter-output>
          </reporter-output>
        </test-method> <!-- test -->
      </class> <!-- projectname.Demo -->
    </test> <!-- Test -->
  </suite> <!-- Suite -->
</testng-results>
